<?xml version="1.0" encoding="UTF-8"?>
<!-- Generated by org.testng.reporters.JUnitReportReporter -->
<testsuite skipped="0" hostname="Lenovo" name="com.tests.RegistrationTest" tests="7" failures="0" timestamp="22 Jul 2022 14:40:43 GMT" time="3.582" errors="0">
  <testcase name="firstName" time="2.871" classname="com.tests.RegistrationTest"/>
  <testcase name="lastName" time="0.125" classname="com.tests.RegistrationTest"/>
  <testcase name="address" time="0.104" classname="com.tests.RegistrationTest"/>
  <testcase name="email" time="0.106" classname="com.tests.RegistrationTest"/>
  <testcase name="mobile" time="0.110" classname="com.tests.RegistrationTest"/>
  <testcase name="password" time="0.133" classname="com.tests.RegistrationTest"/>
  <testcase name="confirmPassword" time="0.133" classname="com.tests.RegistrationTest"/>
</testsuite> <!-- com.tests.RegistrationTest -->
